<?xml version="1.0" encoding="UTF-8"?>
<!-- Generated by org.testng.reporters.JUnitReportReporter -->
<testsuite hostname="Jenis-MacBook-Air.local" failures="0" tests="3" name="com.training.sanity.tests.StudentLogin" time="44.290" errors="0" timestamp="15 May 2020 03:39:14 GMT" skipped="0">
  <testcase classname="com.training.sanity.tests.StudentLogin" name="validLoginTest" time="3.592"/>
  <testcase classname="com.training.sanity.tests.StudentLogin" name="courseProject_taskComment" time="31.691"/>
  <testcase classname="com.training.sanity.tests.StudentLogin" name="unsubscribeCourse" time="9.007"/>
</testsuite> <!-- com.training.sanity.tests.StudentLogin -->
