<?xml version="1.0" encoding="UTF-8"?>
<!-- Generated by org.testng.reporters.JUnitReportReporter -->
<testsuite hostname="Jenis-MacBook-Air.local" failures="0" tests="5" name="com.training.regression.tests.LoginExcelTest" time="24.341" errors="0" timestamp="21 May 2020 00:57:20 GMT" skipped="0">
  <testcase classname="com.training.regression.tests.LoginExcelTest" name="validLoginTest" time="1.325"/>
  <testcase classname="com.training.regression.tests.LoginExcelTest" name="loginDBTest" time="5.655"/>
  <testcase classname="com.training.regression.tests.LoginExcelTest" name="loginDBTest" time="5.832"/>
  <testcase classname="com.training.regression.tests.LoginExcelTest" name="loginDBTest" time="5.675"/>
  <testcase classname="com.training.regression.tests.LoginExcelTest" name="loginDBTest" time="5.854"/>
</testsuite> <!-- com.training.regression.tests.LoginExcelTest -->
