<?xml version="1.0" encoding="UTF-8"?>
<!-- Generated by org.testng.reporters.JUnitReportReporter -->
<testsuite hostname="Jenis-MacBook-Air.local" failures="0" tests="3" name="com.training.sanity.tests.AdminLogin" time="33.071" errors="0" timestamp="15 May 2020 04:16:30 GMT" skipped="0">
  <testcase classname="com.training.sanity.tests.AdminLogin" name="validLoginTest" time="2.437"/>
  <testcase classname="com.training.sanity.tests.AdminLogin" name="categoryCourseCreation" time="15.041"/>
  <testcase classname="com.training.sanity.tests.AdminLogin" name="addUser" time="15.593"/>
</testsuite> <!-- com.training.sanity.tests.AdminLogin -->
