<?xml version="1.0" encoding="UTF-8"?>
<!-- Generated by org.testng.reporters.JUnitReportReporter -->
<testsuite hostname="Jenis-MacBook-Air.local" failures="0" tests="1" name="com.training.sanity.tests.Resetpassword" time="7.761" errors="0" timestamp="07 May 2020 03:24:29 GMT" skipped="0">
  <testcase classname="com.training.sanity.tests.Resetpassword" name="passwordReset" time="7.761"/>
</testsuite> <!-- com.training.sanity.tests.Resetpassword -->
