<?xml version="1.0" encoding="UTF-8"?>
<!-- Generated by org.testng.reporters.JUnitReportReporter -->
<testsuite hostname="Jenis-MacBook-Air.local" failures="0" tests="4" name="com.training.sanity.tests.TeacherLogin" time="76.287" errors="0" timestamp="20 May 2020 01:34:48 GMT" skipped="1">
  <testcase classname="com.training.sanity.tests.TeacherLogin" name="validTeacherLogin" time="5.168"/>
  <testcase classname="com.training.sanity.tests.TeacherLogin" name="createTestForTeacherSendReport" time="58.057"/>
  <testcase classname="com.training.sanity.tests.TeacherLogin" name="resetTestData" time="13.062"/>
  <testcase classname="com.training.sanity.tests.TeacherLogin" name="createTestForStudentSendReport">
    <skipped/>
  </testcase> <!-- createTestForStudentSendReport -->
</testsuite> <!-- com.training.sanity.tests.TeacherLogin -->
