<?xml version="1.0" encoding="UTF-8"?>
<!-- Generated by org.testng.reporters.JUnitReportReporter -->
<testsuite hostname="Jenis-MacBook-Air.local" failures="0" tests="2" name="com.training.sanity.tests.Coursesearch" time="6.582" errors="0" timestamp="08 May 2020 01:37:28 GMT" skipped="0">
  <testcase classname="com.training.sanity.tests.Coursesearch" name="validLoginTest" time="3.291"/>
  <testcase classname="com.training.sanity.tests.Coursesearch" name="courseSearch" time="3.291"/>
</testsuite> <!-- com.training.sanity.tests.Coursesearch -->
