<?xml version="1.0" encoding="UTF-8"?>
<!-- Generated by org.testng.reporters.JUnitReportReporter -->
<testsuite hostname="Jenis-MacBook-Air.local" failures="0" tests="2" name="com.training.sanity.tests.LoginTests" time="6.478" errors="0" timestamp="07 May 2020 03:24:29 GMT" skipped="0">
  <testcase classname="com.training.sanity.tests.LoginTests" name="validLoginTest" time="2.461"/>
  <testcase classname="com.training.sanity.tests.LoginTests" name="updatePassword" time="4.017"/>
</testsuite> <!-- com.training.sanity.tests.LoginTests -->
