<?xml version="1.0" encoding="UTF-8"?>
<!-- Generated by org.testng.reporters.JUnitReportReporter -->
<testsuite hostname="Jenis-MacBook-Air.local" failures="0" tests="3" name="com.training.sanity.tests.AdminLogin" time="12.716" errors="0" timestamp="21 May 2020 01:02:23 GMT" skipped="1">
  <testcase classname="com.training.sanity.tests.AdminLogin" name="validLoginTest" time="1.772"/>
  <testcase classname="com.training.sanity.tests.AdminLogin" name="categoryCourseCreation" time="10.944"/>
  <testcase classname="com.training.sanity.tests.AdminLogin" name="addUser">
    <skipped/>
  </testcase> <!-- addUser -->
</testsuite> <!-- com.training.sanity.tests.AdminLogin -->
